[2024-01-04 09:08:36] START
[2024-01-04 09:09:09] EDIT sindicato/models/db.py: 39
[2024-01-04 09:09:31] EDIT sindicato/models/menu.py: -78
[2024-01-04 09:10:01] EDIT sindicato/models/menu.py: 5
[2024-01-04 09:10:17] EDIT sindicato/controllers/default.py: -1
[2024-01-04 09:11:01] EDIT sindicato/views/default/index.html: -45
[2024-01-04 09:11:10] CREATE pagina_inicial.html: 0
[2024-01-04 09:11:15] EDIT sindicato/views/pagina_inicial.html: 212
[2024-01-04 09:11:39] CREATE css/styles.css: 0
[2024-01-04 09:11:44] EDIT sindicato/static/css/styles.css: 9635
[2024-01-04 09:12:10] CREATE acs_empresa.py: 0
[2024-01-04 09:21:39] EDIT sindicato/controllers/acs_empresa.py: 106
[2024-01-04 09:22:11] EDIT sindicato/views/layout.html: 3
[2024-01-04 09:25:29] EDIT sindicato/views/default/user.html: 103
[2024-01-04 09:25:39] EDIT sindicato/views/default/user.html: -103
[2024-01-04 09:26:14] CREATE acs_empresa/index.html: 0
[2024-01-04 09:26:47] EDIT sindicato/views/generic.html: 18
[2024-01-04 09:27:05] EDIT sindicato/views/acs_empresa/index.html: 72
[2024-01-04 09:27:46] CREATE acs_usuario.py: 0
[2024-01-04 09:27:51] EDIT sindicato/controllers/acs_usuario.py: 152
[2024-01-04 11:59:13] CREATE db1.py: 0
[2024-01-04 12:22:14] EDIT sindicato/models/db1.py: 24
[2024-01-04 21:40:22] EDIT sindicato/models/menu.py: 1
[2024-01-04 21:41:23] CREATE acs_usuario/index.html: 0
[2024-01-04 21:41:37] EDIT sindicato/views/acs_usuario/index.html: 115
[2024-01-04 21:42:02] CREATE paginacao.html: 0
[2024-01-04 21:42:07] EDIT sindicato/views/paginacao.html: 18
[2024-01-04 21:43:05] EDIT sindicato/models/menu.py: 1
[2024-01-04 21:43:16] CREATE acs_registro.py: 0
[2024-01-04 21:44:06] EDIT sindicato/controllers/acs_registro.py: 130
[2024-01-04 21:44:46] EDIT sindicato/controllers/acs_registro.py: 0
[2024-01-04 21:46:37] EDIT sindicato/controllers/acs_registro.py: 0
[2024-01-04 21:46:50] CREATE acs_registro/index.html: 0
[2024-01-04 21:47:53] EDIT sindicato/views/acs_registro/index.html: 115
[2024-01-04 21:48:10] EDIT sindicato/views/acs_registro/index.html: 0
[2024-01-04 21:48:49] EDIT sindicato/models/db1.py: 0
[2024-01-04 21:49:46] EDIT sindicato/models/db1.py: 1
[2024-01-04 21:54:38] EDIT sindicato/models/db1.py: 8
[2024-01-04 21:54:55] CREATE acs_classificacao.py: 0
[2024-01-04 21:55:41] EDIT sindicato/controllers/acs_classificacao.py: 130
[2024-01-04 21:56:08] EDIT sindicato/controllers/acs_classificacao.py: 0
[2024-01-04 21:59:39] CREATE acs_classificacao/index.html: 0
[2024-01-04 21:59:53] EDIT sindicato/views/acs_classificacao/index.html: 115
[2024-01-04 22:00:19] EDIT sindicato/views/acs_classificacao/index.html: 0
[2024-01-04 22:01:35] EDIT sindicato/models/db1.py: 0
[2024-01-04 22:02:36] EDIT sindicato/models/db1.py: 0
[2024-01-04 22:06:54] EDIT sindicato/controllers/acs_registro.py: 3
[2024-01-04 22:08:15] EDIT sindicato/models/menu.py: 1
[2024-01-05 04:18:08] EDIT sindicato/views/acs_registro/index.html: 1
[2024-01-05 04:18:39] EDIT sindicato/views/acs_registro/index.html: 1
[2024-01-05 04:19:16] EDIT sindicato/models/menu.py: 0
[2024-01-05 04:19:25] EDIT sindicato/views/acs_registro/index.html: 0
[2024-01-05 04:19:36] EDIT sindicato/views/acs_registro/index.html: 0
[2024-01-05 04:20:12] EDIT sindicato/views/acs_registro/index.html: 0
[2024-01-05 04:21:52] EDIT sindicato/views/acs_registro/index.html: 2
[2024-01-05 04:22:38] EDIT sindicato/controllers/acs_registro.py: 0
[2024-01-05 04:23:49] EDIT sindicato/controllers/acs_registro.py: 3
[2024-01-05 04:24:30] EDIT sindicato/views/acs_registro/index.html: 4
[2024-01-05 04:25:26] EDIT sindicato/views/acs_classificacao/index.html: 0
[2024-01-05 04:25:37] EDIT sindicato/views/acs_classificacao/index.html: 0
[2024-01-05 04:27:06] EDIT sindicato/controllers/acs_classificacao.py: 0
[2024-01-05 04:27:28] EDIT sindicato/controllers/acs_classificacao.py: 0
[2024-01-05 04:28:16] EDIT sindicato/views/acs_classificacao/index.html: 0
[2024-01-05 04:28:29] EDIT sindicato/views/acs_classificacao/index.html: 0
[2024-01-05 04:29:08] EDIT sindicato/views/acs_classificacao/index.html: 0
[2024-01-05 04:33:37] EDIT sindicato/controllers/acs_registro.py: 0
[2024-01-05 04:33:54] EDIT sindicato/controllers/acs_registro.py: 0
[2024-01-05 04:37:41] CREATE funcoes_dashboard.py: 0
[2024-01-05 04:41:05] EDIT sindicato/models/funcoes_dashboard.py: 9
[2024-01-05 04:41:24] EDIT sindicato/models/funcoes_dashboard.py: -2
[2024-01-05 04:41:32] EDIT sindicato/models/funcoes_dashboard.py: 0
[2024-01-05 04:42:05] EDIT sindicato/views/acs_empresa/index.html: 0
[2024-01-05 04:42:50] EDIT sindicato/models/funcoes_dashboard.py: 2
[2024-01-05 04:43:08] EDIT sindicato/models/funcoes_dashboard.py: 0
[2024-01-05 04:43:13] EDIT sindicato/models/funcoes_dashboard.py: -2
[2024-01-05 04:46:27] EDIT sindicato/models/funcoes_dashboard.py: 15
[2024-01-05 04:46:38] EDIT sindicato/models/funcoes_dashboard.py: -2
[2024-01-05 04:46:49] EDIT sindicato/models/funcoes_dashboard.py: 0
[2024-01-05 04:47:44] EDIT sindicato/models/funcoes_dashboard.py: -3
[2024-01-05 04:47:57] EDIT sindicato/models/funcoes_dashboard.py: -1
[2024-01-05 04:49:38] EDIT sindicato/models/funcoes_dashboard.py: -2
[2024-01-05 04:50:25] EDIT sindicato/models/funcoes_dashboard.py: -1
[2024-01-05 04:50:52] EDIT sindicato/views/acs_empresa/index.html: 0
[2024-01-05 04:53:01] EDIT sindicato/models/funcoes_dashboard.py: 9
[2024-01-05 05:09:17] EDIT sindicato/models/funcoes_dashboard.py: 15
[2024-01-05 05:11:28] EDIT sindicato/models/funcoes_dashboard.py: 30
[2024-01-05 05:11:41] EDIT sindicato/models/funcoes_dashboard.py: -3
[2024-01-05 05:12:20] EDIT sindicato/views/acs_empresa/index.html: 0
[2024-01-05 05:12:49] EDIT sindicato/views/acs_empresa/index.html: 0
[2024-01-05 05:14:10] EDIT sindicato/controllers/acs_empresa.py: 0
[2024-01-05 05:14:20] EDIT sindicato/views/acs_empresa/index.html: 0
[2024-01-05 05:14:56] EDIT sindicato/views/acs_empresa/index.html: 1
[2024-01-05 05:14:59] EDIT sindicato/views/acs_empresa/index.html: 0
[2024-01-05 05:15:38] EDIT sindicato/views/acs_empresa/index.html: 0
[2024-01-05 05:18:01] EDIT sindicato/models/funcoes_dashboard.py: 6
[2024-01-05 05:18:04] EDIT sindicato/models/funcoes_dashboard.py: 0
[2024-01-05 05:18:09] EDIT sindicato/views/acs_empresa/index.html: 0
[2024-01-05 05:18:25] EDIT sindicato/views/acs_empresa/index.html: 2
[2024-01-05 05:21:00] EDIT sindicato/models/funcoes_dashboard.py: 8
[2024-01-05 05:21:31] EDIT sindicato/views/acs_empresa/index.html: 1
[2024-01-05 05:22:26] EDIT sindicato/views/acs_empresa/index.html: 3
[2024-01-05 05:23:14] EDIT sindicato/views/acs_empresa/index.html: 7
[2024-01-05 05:23:42] EDIT sindicato/views/acs_empresa/index.html: 0
[2024-01-05 05:26:52] EDIT sindicato/models/funcoes_dashboard.py: 0
[2024-01-05 05:33:01] CREATE funcoes_teste.py: 0
[2024-01-05 05:33:03] EDIT sindicato/models/funcoes_teste.py: 29
[2024-01-05 05:33:28] EDIT sindicato/views/acs_empresa/index.html: 1
[2024-01-05 05:34:40] EDIT sindicato/models/funcoes_teste.py: 0
[2024-01-05 05:35:04] EDIT sindicato/models/funcoes_teste.py: 0
[2024-01-05 05:35:22] EDIT sindicato/models/funcoes_teste.py: 1
[2024-01-05 05:35:35] EDIT sindicato/views/acs_empresa/index.html: -1
[2024-01-05 05:36:21] EDIT sindicato/views/acs_empresa/index.html: 0
[2024-01-05 05:41:17] CREATE funcoes_graficos.py: 0
[2024-01-05 05:41:21] EDIT sindicato/models/funcoes_graficos.py: 14
[2024-01-05 05:41:26] EDIT sindicato/models/funcoes_graficos.py: 0
[2024-01-05 05:41:40] EDIT sindicato/views/acs_empresa/index.html: 1
[2024-01-05 05:42:23] EDIT sindicato/models/funcoes_graficos.py: 0
[2024-01-05 05:44:21] EDIT sindicato/views/acs_empresa/index.html: 44
[2024-01-05 05:45:03] EDIT sindicato/views/acs_empresa/index.html: 0
[2024-01-05 05:45:23] EDIT sindicato/views/acs_empresa/index.html: 0
[2024-01-05 05:45:37] EDIT sindicato/views/acs_empresa/index.html: 0
[2024-01-05 05:45:46] EDIT sindicato/views/acs_empresa/index.html: 0
[2024-01-05 05:46:46] EDIT sindicato/models/funcoes_graficos.py: 3
[2024-01-05 05:49:26] EDIT sindicato/models/funcoes_graficos.py: 12
[2024-01-05 05:49:48] EDIT sindicato/views/acs_empresa/index.html: 1
[2024-01-05 05:50:06] EDIT sindicato/views/acs_empresa/index.html: 0
[2024-01-05 05:50:32] EDIT sindicato/models/funcoes_graficos.py: 0
[2024-01-05 05:50:54] EDIT sindicato/models/funcoes_graficos.py: 1
[2024-01-05 05:51:46] EDIT sindicato/models/funcoes_graficos.py: 0
[2024-01-05 05:53:01] EDIT sindicato/views/acs_empresa/index.html: 5
[2024-01-05 05:53:15] EDIT sindicato/views/acs_empresa/index.html: 0
[2024-01-05 05:53:29] EDIT sindicato/views/acs_empresa/index.html: 0
[2024-01-05 05:53:36] EDIT sindicato/views/acs_empresa/index.html: 0
[2024-01-05 05:59:03] EDIT sindicato/views/acs_empresa/index.html: 0
[2024-01-05 05:59:18] EDIT sindicato/views/acs_empresa/index.html: 0
[2024-01-05 05:59:37] EDIT sindicato/views/acs_empresa/index.html: 1
[2024-01-05 06:00:22] EDIT sindicato/models/funcoes_graficos.py: 3
[2024-01-05 06:02:24] EDIT sindicato/models/funcoes_graficos.py: -1
[2024-01-05 06:04:10] EDIT sindicato/models/funcoes_graficos.py: 1
[2024-01-05 06:04:48] EDIT sindicato/views/acs_empresa/index.html: 0
[2024-01-05 06:09:57] EDIT sindicato/models/funcoes_graficos.py: 0
[2024-01-05 06:16:46] EDIT sindicato/models/funcoes_graficos.py: 0
[2024-01-05 06:18:24] EDIT sindicato/views/acs_empresa/index.html: -1
[2024-01-05 06:25:05] EDIT sindicato/views/acs_empresa/index.html: 5
[2024-01-05 06:25:45] EDIT sindicato/views/acs_empresa/index.html: 2
[2024-01-05 06:26:10] EDIT sindicato/views/acs_empresa/index.html: 0
[2024-01-05 06:26:22] EDIT sindicato/views/acs_empresa/index.html: 0
[2024-01-05 06:28:11] EDIT sindicato/models/funcoes_graficos.py: 3
[2024-01-05 06:28:22] EDIT sindicato/models/funcoes_graficos.py: 0
[2024-01-05 06:28:51] EDIT sindicato/views/acs_empresa/index.html: 0
[2024-01-05 06:32:25] EDIT sindicato/models/funcoes_graficos.py: 0
[2024-01-05 06:34:21] EDIT sindicato/views/acs_empresa/index.html: 37
[2024-01-05 06:34:30] EDIT sindicato/views/acs_empresa/index.html: 0
[2024-01-05 06:34:58] EDIT sindicato/models/funcoes_graficos.py: 0
[2024-01-05 06:35:56] EDIT sindicato/views/acs_empresa/index.html: 0
[2024-01-05 06:36:54] EDIT sindicato/views/acs_empresa/index.html: 0
[2024-01-05 06:37:08] EDIT sindicato/views/acs_empresa/index.html: -35
[2024-01-05 06:40:11] EDIT sindicato/views/acs_empresa/index.html: 43
[2024-01-05 06:40:44] EDIT sindicato/views/acs_empresa/index.html: -43
[2024-01-05 06:42:50] EDIT sindicato/views/acs_empresa/index.html: 25
[2024-01-05 06:44:14] EDIT sindicato/views/acs_empresa/index.html: -25
[2024-01-05 06:44:31] EDIT sindicato/views/acs_empresa/index.html: 0
[2024-01-05 06:44:53] EDIT sindicato/views/acs_empresa/index.html: 43
[2024-01-05 06:45:04] EDIT sindicato/views/acs_empresa/index.html: -43
[2024-01-05 06:45:19] EDIT sindicato/views/acs_empresa/index.html: 25
[2024-01-05 06:46:07] EDIT sindicato/views/acs_empresa/index.html: 0
[2024-01-05 06:46:30] EDIT sindicato/views/acs_empresa/index.html: 1
[2024-01-05 06:46:42] EDIT sindicato/views/acs_empresa/index.html: -1
[2024-01-05 06:47:16] EDIT sindicato/views/acs_empresa/index.html: 1
[2024-01-05 06:47:28] EDIT sindicato/views/acs_empresa/index.html: -1
[2024-01-05 08:08:48] EDIT sindicato/models/menu.py: 1
[2024-01-05 08:08:54] EDIT sindicato/models/menu.py: 0
[2024-01-05 08:15:29] CREATE acs_cliente.py: 0
[2024-01-05 08:16:51] EDIT sindicato/controllers/acs_cliente.py: 79
[2024-01-05 08:17:19] EDIT sindicato/models/db1.py: 12
[2024-01-05 08:17:30] CREATE acs_cliente/index.html: 0
[2024-01-05 08:17:51] EDIT sindicato/views/acs_cliente/index.html: 115
[2024-01-05 08:17:59] EDIT sindicato/views/acs_cliente/index.html: 0
[2024-01-05 08:18:39] EDIT sindicato/views/acs_cliente/index.html: 0
[2024-01-05 08:19:33] EDIT sindicato/views/acs_cliente/index.html: 4
[2024-01-05 08:23:17] CREATE acs_relatorio.py: 0
[2024-01-05 08:23:36] EDIT sindicato/controllers/acs_relatorio.py: 1
[2024-01-05 08:24:34] EDIT sindicato/models/menu.py: 2
[2024-01-05 08:24:52] CREATE acs_relatorio/balanco_patrimonial.html: 0
[2024-01-05 08:26:29] EDIT sindicato/views/acs_relatorio/balanco_patrimonial.html: 193
[2024-01-05 08:31:59] EDIT sindicato/views/acs_relatorio/balanco_patrimonial.html: -57
[2024-01-05 08:32:22] EDIT sindicato/controllers/acs_relatorio.py: 5
[2024-01-05 08:32:33] EDIT sindicato/controllers/acs_relatorio.py: 1
[2024-01-05 08:32:36] EDIT sindicato/controllers/acs_relatorio.py: 0
[2024-01-05 08:56:09] EDIT sindicato/models/funcoes_graficos.py: 9
[2024-01-05 08:56:31] EDIT sindicato/views/acs_empresa/index.html: 1
[2024-01-05 08:56:44] EDIT sindicato/views/acs_empresa/index.html: 1
[2024-01-05 08:58:51] EDIT sindicato/views/acs_empresa/index.html: 31
[2024-01-05 08:59:08] EDIT sindicato/views/acs_empresa/index.html: 8
[2024-01-05 08:59:37] EDIT sindicato/views/acs_empresa/index.html: -1
[2024-01-05 09:00:48] EDIT sindicato/views/acs_empresa/index.html: 0
[2024-01-05 09:01:03] EDIT sindicato/views/acs_empresa/index.html: 0
[2024-01-05 09:01:53] EDIT sindicato/views/acs_empresa/index.html: 0
[2024-01-05 09:03:14] EDIT sindicato/views/acs_empresa/index.html: 33
[2024-01-05 09:03:33] EDIT sindicato/views/acs_empresa/index.html: 1
[2024-01-05 09:04:24] EDIT sindicato/views/acs_empresa/index.html: 0
[2024-01-05 09:04:30] EDIT sindicato/views/acs_empresa/index.html: 0
[2024-01-05 09:05:04] EDIT sindicato/views/acs_empresa/index.html: 2
[2024-01-05 09:05:10] EDIT sindicato/views/acs_empresa/index.html: 2
[2024-01-05 09:05:39] EDIT sindicato/views/acs_empresa/index.html: 0
[2024-01-05 09:05:54] EDIT sindicato/views/acs_empresa/index.html: 0
[2024-01-05 09:06:37] EDIT sindicato/views/acs_empresa/index.html: 2
[2024-01-05 09:08:06] EDIT sindicato/views/acs_empresa/index.html: 2
[2024-01-05 09:09:37] EDIT sindicato/views/acs_empresa/index.html: 0
[2024-01-05 09:10:49] EDIT sindicato/views/acs_empresa/index.html: 0
[2024-01-05 09:13:33] EDIT sindicato/models/funcoes_graficos.py: 3
[2024-01-05 09:15:23] EDIT sindicato/views/acs_relatorio/balanco_patrimonial.html: 1
[2024-01-05 09:19:26] EDIT sindicato/views/acs_relatorio/balanco_patrimonial.html: 0
[2024-01-05 09:20:34] EDIT sindicato/views/acs_relatorio/balanco_patrimonial.html: 0
[2024-01-05 09:21:31] EDIT sindicato/views/acs_relatorio/balanco_patrimonial.html: 0
[2024-01-05 09:22:27] EDIT sindicato/views/acs_relatorio/balanco_patrimonial.html: 0
[2024-01-05 09:23:31] EDIT sindicato/views/acs_relatorio/balanco_patrimonial.html: 16
[2024-01-05 09:23:37] EDIT sindicato/views/acs_relatorio/balanco_patrimonial.html: 0
[2024-01-05 09:24:03] EDIT sindicato/views/acs_relatorio/balanco_patrimonial.html: 2
[2024-01-05 09:24:54] EDIT sindicato/views/acs_relatorio/balanco_patrimonial.html: 0
[2024-01-05 09:24:57] EDIT sindicato/views/acs_relatorio/balanco_patrimonial.html: 0
[2024-01-05 09:25:23] EDIT sindicato/views/acs_relatorio/balanco_patrimonial.html: 1
[2024-01-05 09:27:07] EDIT sindicato/views/acs_relatorio/balanco_patrimonial.html: 0
[2024-01-05 09:27:20] EDIT sindicato/views/acs_relatorio/balanco_patrimonial.html: -1
[2024-01-05 09:31:07] EDIT sindicato/views/acs_relatorio/balanco_patrimonial.html: 0
[2024-01-05 09:34:30] EDIT sindicato/views/acs_relatorio/balanco_patrimonial.html: -1
[2024-01-05 09:38:22] EDIT sindicato/views/acs_relatorio/balanco_patrimonial.html: 4
[2024-01-05 09:38:45] EDIT sindicato/views/acs_relatorio/balanco_patrimonial.html: 3
[2024-01-05 09:39:54] EDIT sindicato/views/acs_relatorio/balanco_patrimonial.html: 1
[2024-01-05 09:40:57] EDIT sindicato/views/acs_relatorio/balanco_patrimonial.html: 2
[2024-01-05 09:41:30] EDIT sindicato/views/acs_relatorio/balanco_patrimonial.html: 0
[2024-01-05 09:42:31] EDIT sindicato/views/acs_relatorio/balanco_patrimonial.html: 0
[2024-01-05 09:43:09] EDIT sindicato/views/acs_relatorio/balanco_patrimonial.html: 1
[2024-01-05 09:43:20] EDIT sindicato/views/acs_relatorio/balanco_patrimonial.html: 1
[2024-01-05 09:43:33] EDIT sindicato/views/acs_relatorio/balanco_patrimonial.html: -2
[2024-01-05 09:44:45] EDIT sindicato/views/acs_relatorio/balanco_patrimonial.html: -4
[2024-01-05 09:45:24] EDIT sindicato/views/acs_relatorio/balanco_patrimonial.html: 0
[2024-01-05 09:45:28] EDIT sindicato/views/acs_relatorio/balanco_patrimonial.html: 0
[2024-01-05 09:50:35] EDIT sindicato/views/acs_relatorio/balanco_patrimonial.html: 0
[2024-01-05 09:51:57] EDIT sindicato/views/acs_relatorio/balanco_patrimonial.html: 6
[2024-01-05 09:53:14] EDIT sindicato/views/acs_relatorio/balanco_patrimonial.html: 1
[2024-01-05 09:54:29] EDIT sindicato/views/acs_relatorio/balanco_patrimonial.html: 0
[2024-01-05 09:56:36] EDIT sindicato/views/acs_relatorio/balanco_patrimonial.html: 3
[2024-01-05 09:56:53] EDIT sindicato/views/acs_relatorio/balanco_patrimonial.html: 0
[2024-01-08 13:35:32] EDIT sindicato/views/acs_relatorio/balanco_patrimonial.html: 15
[2024-01-08 13:36:02] EDIT sindicato/views/acs_relatorio/balanco_patrimonial.html: 0
[2024-01-08 13:36:46] EDIT sindicato/views/acs_relatorio/balanco_patrimonial.html: 2
[2024-01-08 13:37:40] EDIT sindicato/views/acs_relatorio/balanco_patrimonial.html: 0
[2024-01-08 13:41:27] EDIT sindicato/views/acs_relatorio/balanco_patrimonial.html: 9
[2024-01-08 13:46:16] EDIT sindicato/views/acs_relatorio/balanco_patrimonial.html: 18
[2024-01-08 13:47:24] EDIT sindicato/views/acs_relatorio/balanco_patrimonial.html: 4
[2024-01-08 13:51:42] EDIT sindicato/views/acs_relatorio/balanco_patrimonial.html: 24
[2024-01-08 13:52:35] EDIT sindicato/views/acs_relatorio/balanco_patrimonial.html: 4
[2024-01-08 13:55:26] EDIT sindicato/views/acs_relatorio/balanco_patrimonial.html: 4
[2024-01-08 13:55:55] EDIT sindicato/views/acs_relatorio/balanco_patrimonial.html: 0
[2024-01-08 13:59:40] EDIT sindicato/views/acs_relatorio/balanco_patrimonial.html: 7
[2024-01-08 14:00:36] EDIT sindicato/views/acs_relatorio/balanco_patrimonial.html: 6
[2024-01-08 14:00:57] EDIT sindicato/views/acs_relatorio/balanco_patrimonial.html: 0
[2024-01-09 03:38:24] EDIT sindicato/views/acs_empresa/index.html: 4
[2024-01-09 03:39:26] EDIT sindicato/views/acs_empresa/index.html: 0
[2024-01-09 03:40:00] EDIT sindicato/controllers/acs_relatorio.py: 4
[2024-01-09 03:40:19] CREATE acs_relatorio/receber.html: 0
[2024-01-09 03:40:26] EDIT sindicato/views/acs_relatorio/receber.html: -2
[2024-01-09 03:41:09] CREATE contas.html: 0
[2024-01-09 03:41:13] EDIT sindicato/views/contas.html: 115
[2024-01-09 03:41:57] EDIT sindicato/views/contas.html: 0
[2024-01-09 03:43:04] EDIT sindicato/controllers/acs_relatorio.py: 33
[2024-01-09 03:45:13] EDIT sindicato/controllers/acs_relatorio.py: 4
[2024-01-09 03:45:48] EDIT sindicato/controllers/acs_relatorio.py: -1
[2024-01-09 03:46:47] EDIT sindicato/views/contas.html: 8
[2024-01-09 03:47:43] EDIT sindicato/controllers/acs_relatorio.py: -1
[2024-01-09 03:48:13] EDIT sindicato/controllers/acs_relatorio.py: 1
[2024-01-09 03:49:10] EDIT sindicato/controllers/acs_relatorio.py: 0
[2024-01-09 03:49:15] EDIT sindicato/controllers/acs_relatorio.py: 8
[2024-01-09 03:50:12] EDIT sindicato/controllers/acs_relatorio.py: 2
[2024-01-09 03:50:37] EDIT sindicato/views/contas.html: 0
[2024-01-09 03:51:05] EDIT sindicato/views/contas.html: -4
[2024-01-09 03:51:13] EDIT sindicato/views/contas.html: 0
[2024-01-09 03:51:49] EDIT sindicato/views/contas.html: 0
[2024-01-09 03:52:05] EDIT sindicato/views/contas.html: 1
[2024-01-09 03:52:08] EDIT sindicato/views/contas.html: 0
[2024-01-09 03:54:11] EDIT sindicato/views/contas.html: 0
[2024-01-09 03:54:21] EDIT sindicato/views/acs_relatorio/receber.html: 1
[2024-01-09 03:54:35] EDIT sindicato/views/acs_relatorio/receber.html: 0
[2024-01-09 03:56:45] EDIT sindicato/controllers/acs_relatorio.py: 0
[2024-01-09 03:56:49] EDIT sindicato/controllers/acs_relatorio.py: 0
[2024-01-09 03:57:20] EDIT sindicato/controllers/acs_relatorio.py: 0
[2024-01-09 03:58:39] EDIT sindicato/views/acs_empresa/index.html: 4
[2024-01-09 03:58:42] EDIT sindicato/views/acs_empresa/index.html: 0
[2024-01-09 03:59:32] EDIT sindicato/controllers/acs_relatorio.py: 50
[2024-01-09 03:59:42] CREATE acs_relatorio/pagar.html: 0
[2024-01-09 03:59:52] EDIT sindicato/views/acs_relatorio/pagar.html: -1
[2024-01-09 04:01:53] EDIT sindicato/models/funcoes_dashboard.py: 0
[2024-01-09 04:43:31] EDIT sindicato/models/funcoes_dashboard.py: 0
[2024-01-09 04:44:53] EDIT sindicato/models/funcoes_dashboard.py: 0
[2024-01-09 04:48:12] EDIT sindicato/controllers/acs_relatorio.py: -14
[2024-01-09 04:49:07] EDIT sindicato/controllers/acs_relatorio.py: -12
[2024-01-09 04:51:16] EDIT sindicato/controllers/acs_relatorio.py: -6
[2024-01-09 04:52:42] EDIT sindicato/views/acs_empresa/index.html: 0
[2024-01-09 04:54:14] EDIT sindicato/views/acs_empresa/index.html: 0
[2024-01-09 04:54:34] EDIT sindicato/views/acs_empresa/index.html: 0
[2024-01-09 13:31:30] EDIT sindicato/models/funcoes_dashboard.py: 3
[2024-01-09 13:32:35] EDIT sindicato/models/funcoes_dashboard.py: -1
[2024-01-09 13:32:40] EDIT sindicato/models/funcoes_dashboard.py: -2
[2024-01-09 13:34:00] EDIT sindicato/models/funcoes_dashboard.py: -13
[2024-01-09 13:34:37] EDIT sindicato/models/funcoes_dashboard.py: 20
[2024-01-09 13:34:45] EDIT sindicato/models/funcoes_dashboard.py: -7
[2024-01-09 13:36:58] EDIT sindicato/views/acs_empresa/index.html: 1
[2024-01-09 13:37:04] EDIT sindicato/views/acs_empresa/index.html: 0
[2024-01-09 13:37:18] EDIT sindicato/views/acs_empresa/index.html: 0
[2024-01-09 13:38:02] EDIT sindicato/views/acs_empresa/index.html: 0
[2024-01-09 13:39:58] EDIT sindicato/models/funcoes_dashboard.py: 18
[2024-01-09 13:40:27] EDIT sindicato/views/acs_empresa/index.html: -1
[2024-01-09 13:41:29] EDIT sindicato/models/menu.py: 3
[2024-01-09 13:41:52] EDIT sindicato/models/menu.py: 0
[2024-01-09 13:42:15] EDIT sindicato/models/menu.py: -4
[2024-01-11 04:24:27] EDIT sindicato/models/menu.py: 3
[2024-01-11 04:24:40] EDIT sindicato/models/menu.py: 0
[2024-01-11 04:24:54] EDIT sindicato/models/menu.py: 0
[2024-01-11 04:25:17] EDIT sindicato/models/menu.py: 0
[2024-01-11 04:25:48] EDIT sindicato/models/menu.py: 0
[2024-01-11 04:26:04] EDIT sindicato/models/menu.py: 0
[2024-01-11 04:26:14] EDIT sindicato/models/menu.py: 0
[2024-01-11 04:27:35] EDIT sindicato/views/layout.html: 1
[2024-01-11 04:27:45] EDIT sindicato/models/menu.py: -1
[2024-01-11 04:29:33] EDIT sindicato/models/menu.py: 0
[2024-01-11 04:29:39] EDIT sindicato/models/menu.py: 0
[2024-01-16 18:45:22] CREATE db2.py: 0
[2024-01-16 19:06:35] EDIT sindicato/models/db1.py: 13
[2024-01-16 19:11:13] EDIT sindicato/models/db1.py: 4
[2024-01-16 19:11:46] EDIT sindicato/models/db.py: 1
[2024-01-16 19:11:50] EDIT sindicato/models/db.py: 0
[2024-01-19 17:23:29] EDIT sindicato/models/funcoes_dashboard.py: 16
[2024-01-19 17:24:16] CREATE acs_delegacia.py: 0
[2024-01-19 17:26:04] EDIT sindicato/controllers/acs_delegacia.py: 130
[2024-01-19 17:26:40] EDIT sindicato/controllers/acs_delegacia.py: 0
[2024-01-19 17:26:52] CREATE acs_delegacia/index.html: 0
[2024-01-19 17:27:56] EDIT sindicato/views/acs_delegacia/index.html: 115
[2024-01-19 17:28:46] EDIT sindicato/models/menu.py: -15
[2024-01-19 17:29:59] EDIT sindicato/models/menu.py: 7
[2024-01-19 17:32:14] EDIT sindicato/models/menu.py: 2
[2024-01-19 17:32:17] EDIT sindicato/models/menu.py: -1
[2024-01-19 17:33:45] EDIT sindicato/models/menu.py: 4
[2024-01-19 17:33:56] EDIT sindicato/models/menu.py: 0
[2024-01-19 17:34:09] EDIT sindicato/models/menu.py: -3
[2024-01-19 17:34:20] EDIT sindicato/models/menu.py: 0
[2024-01-19 18:01:43] EDIT sindicato/views/generic.html: 2
[2024-01-19 18:02:15] EDIT sindicato/views/generic.html: 0
[2024-01-19 18:03:58] CREATE js/jquery.mask.js: 0
[2024-01-19 18:04:03] EDIT sindicato/static/js/jquery.mask.js: 532
[2024-01-19 18:04:37] DELETE sindicato/static/js/jquery.mask.js.bak: 0
[2024-01-19 18:08:24] EDIT sindicato/views/generic.html: 3
[2024-01-19 18:10:00] EDIT sindicato/models/menu.py: 1
[2024-01-19 18:11:04] CREATE acs_associado.py: 0
[2024-01-19 18:11:37] EDIT sindicato/controllers/acs_associado.py: 79
[2024-01-19 18:11:58] CREATE acs_associado/index.html: 0
[2024-01-19 18:12:03] EDIT sindicato/views/acs_associado/index.html: 119
[2024-01-19 18:12:17] EDIT sindicato/views/acs_associado/index.html: 0
[2024-01-19 18:12:52] EDIT sindicato/views/generic.html: 2
[2024-01-19 18:13:41] EDIT sindicato/models/db1.py: 0
[2024-01-19 18:15:08] EDIT sindicato/views/acs_associado/index.html: 2
[2024-01-19 18:16:26] EDIT sindicato/controllers/acs_associado.py: 3
[2024-01-19 18:16:53] EDIT sindicato/controllers/acs_associado.py: 0
[2024-01-19 18:18:14] EDIT sindicato/controllers/acs_associado.py: 5
[2024-01-19 18:19:32] EDIT sindicato/views/acs_associado/index.html: 0
[2024-01-19 18:19:53] EDIT sindicato/views/acs_associado/index.html: 0
[2024-01-19 18:20:00] EDIT sindicato/views/acs_associado/index.html: 0
[2024-01-19 18:20:43] EDIT sindicato/views/acs_associado/index.html: 0
[2024-01-19 18:20:47] EDIT sindicato/views/acs_associado/index.html: 0
[2024-01-19 18:21:45] EDIT sindicato/views/acs_associado/index.html: 0
[2024-01-19 18:21:52] EDIT sindicato/views/acs_associado/index.html: 0
[2024-01-19 18:23:04] EDIT sindicato/controllers/acs_associado.py: 6
[2024-01-19 18:23:13] CREATE acs_associado/contribuicoes.html: 0
[2024-01-19 18:25:33] EDIT sindicato/controllers/acs_associado.py: 3
[2024-01-19 18:32:46] EDIT sindicato/models/menu.py: 1
[2024-01-19 18:33:45] EDIT sindicato/views/acs_empresa/index.html: 2
[2024-01-19 18:34:10] EDIT sindicato/views/acs_empresa/index.html: 0
[2024-01-19 18:34:24] EDIT sindicato/views/acs_empresa/index.html: 2
[2024-01-19 18:34:55] EDIT sindicato/controllers/acs_relatorio.py: 2
[2024-01-19 18:35:05] CREATE acs_relatorio/mes.html: 0
[2024-01-19 18:36:17] EDIT sindicato/controllers/acs_relatorio.py: 2
[2024-01-19 18:37:31] EDIT sindicato/controllers/acs_relatorio.py: 4
[2024-01-19 18:39:33] EDIT sindicato/controllers/acs_relatorio.py: 6
[2024-01-19 18:40:54] EDIT sindicato/controllers/acs_relatorio.py: 4
[2024-01-19 18:41:54] EDIT sindicato/views/acs_relatorio/mes.html: 121
[2024-01-19 18:42:23] EDIT sindicato/views/acs_relatorio/mes.html: 0
[2024-01-19 18:42:30] EDIT sindicato/views/acs_relatorio/mes.html: 0
[2024-01-19 18:43:17] EDIT sindicato/controllers/acs_relatorio.py: 7
[2024-01-19 18:43:30] EDIT sindicato/controllers/acs_relatorio.py: 0
[2024-01-19 18:44:54] EDIT sindicato/views/acs_relatorio/mes.html: 0
[2024-01-19 18:45:09] EDIT sindicato/views/acs_relatorio/mes.html: 0
[2024-01-19 18:45:19] EDIT sindicato/views/acs_relatorio/mes.html: 0
[2024-01-19 18:46:07] EDIT sindicato/views/acs_relatorio/mes.html: 0
[2024-01-19 18:47:23] EDIT sindicato/views/acs_relatorio/mes.html: 19
[2024-01-19 18:48:22] EDIT sindicato/views/acs_relatorio/mes.html: 0
[2024-01-19 18:48:32] EDIT sindicato/views/acs_relatorio/mes.html: 0
[2024-01-19 18:48:36] EDIT sindicato/views/acs_relatorio/mes.html: 0
[2024-01-19 18:48:54] EDIT sindicato/controllers/acs_relatorio.py: 0
[2024-01-19 18:49:14] EDIT sindicato/views/acs_relatorio/mes.html: 0
[2024-01-19 18:50:10] EDIT sindicato/views/acs_relatorio/mes.html: 1
[2024-01-19 18:51:29] EDIT sindicato/controllers/acs_relatorio.py: 2
[2024-01-19 18:51:33] EDIT sindicato/views/acs_relatorio/mes.html: 0
[2024-01-19 18:51:46] EDIT sindicato/views/acs_relatorio/mes.html: 0
[2024-01-19 18:51:54] EDIT sindicato/controllers/acs_relatorio.py: -2
[2024-01-19 18:52:13] EDIT sindicato/views/acs_relatorio/mes.html: 0
[2024-01-19 18:55:11] EDIT sindicato/controllers/acs_relatorio.py: 6
[2024-01-19 18:55:59] EDIT sindicato/controllers/acs_relatorio.py: 0
[2024-01-19 18:56:35] EDIT sindicato/controllers/acs_relatorio.py: 0
[2024-01-19 18:56:50] EDIT sindicato/controllers/acs_relatorio.py: 0
[2024-01-19 18:58:08] EDIT sindicato/views/acs_relatorio/mes.html: 4
[2024-01-19 18:59:23] EDIT sindicato/views/acs_relatorio/mes.html: 26
[2024-01-19 19:00:54] EDIT sindicato/views/acs_relatorio/mes.html: 8
[2024-01-19 19:01:29] EDIT sindicato/views/acs_relatorio/mes.html: 2
[2024-01-19 19:01:58] EDIT sindicato/views/acs_relatorio/mes.html: 0
[2024-01-19 19:02:34] EDIT sindicato/views/acs_relatorio/mes.html: 0
[2024-01-19 19:03:49] EDIT sindicato/views/acs_relatorio/mes.html: 0
[2024-01-19 19:04:06] EDIT sindicato/views/acs_relatorio/mes.html: 0
[2024-01-19 19:04:22] EDIT sindicato/views/acs_relatorio/mes.html: -1
[2024-01-19 19:05:25] EDIT sindicato/views/acs_relatorio/mes.html: 0
[2024-01-19 19:05:47] EDIT sindicato/views/acs_relatorio/mes.html: 0
[2024-01-19 19:06:05] EDIT sindicato/views/acs_relatorio/mes.html: 0
[2024-01-19 19:06:19] EDIT sindicato/views/acs_relatorio/mes.html: 0
[2024-01-19 19:07:15] EDIT sindicato/views/acs_empresa/index.html: 0
[2024-01-19 19:08:23] EDIT sindicato/views/acs_relatorio/mes.html: 0
[2024-01-19 19:08:31] EDIT sindicato/views/acs_relatorio/mes.html: 0
[2024-01-19 19:08:47] EDIT sindicato/views/acs_relatorio/mes.html: 0
[2024-01-19 19:09:19] EDIT sindicato/views/acs_relatorio/mes.html: 0
[2024-01-19 19:09:33] EDIT sindicato/views/acs_relatorio/mes.html: 0
[2024-01-19 19:09:47] EDIT sindicato/views/acs_relatorio/mes.html: 0
[2024-01-19 19:09:59] EDIT sindicato/views/acs_relatorio/mes.html: 0
[2024-01-19 19:10:24] EDIT sindicato/views/acs_relatorio/mes.html: 0
[2024-01-19 19:17:55] EDIT sindicato/models/db1.py: 1
[2024-01-19 23:47:17] EDIT sindicato/controllers/acs_associado.py: 24
[2024-01-19 23:47:54] EDIT sindicato/controllers/acs_associado.py: 2
[2024-01-19 23:48:36] EDIT sindicato/controllers/acs_associado.py: 1
[2024-01-19 23:48:52] EDIT sindicato/controllers/acs_associado.py: 0
[2024-01-19 23:49:02] EDIT sindicato/controllers/acs_associado.py: 0
[2024-01-19 23:49:48] EDIT sindicato/views/acs_associado/contribuicoes.html: 123
[2024-01-19 23:50:28] EDIT sindicato/controllers/acs_associado.py: 1
[2024-01-19 23:50:53] EDIT sindicato/views/acs_associado/contribuicoes.html: 0
[2024-01-19 23:51:29] EDIT sindicato/views/acs_associado/contribuicoes.html: 0
[2024-01-19 23:51:33] EDIT sindicato/views/acs_associado/contribuicoes.html: 0
[2024-01-19 23:51:43] EDIT sindicato/views/acs_associado/contribuicoes.html: 0
[2024-01-19 23:58:39] EDIT sindicato/views/acs_associado/contribuicoes.html: 9
[2024-01-19 23:58:49] EDIT sindicato/views/acs_associado/contribuicoes.html: 0
[2024-01-19 23:59:01] EDIT sindicato/views/acs_associado/contribuicoes.html: 0
[2024-01-19 23:59:11] EDIT sindicato/views/acs_associado/contribuicoes.html: 0
[2024-01-19 23:59:20] EDIT sindicato/views/acs_associado/contribuicoes.html: 0
[2024-01-19 23:59:26] EDIT sindicato/views/acs_associado/contribuicoes.html: 0
[2024-01-20 00:00:03] EDIT sindicato/controllers/acs_associado.py: 2
[2024-01-20 00:00:40] EDIT sindicato/views/acs_associado/contribuicoes.html: 0
[2024-01-20 00:00:59] EDIT sindicato/views/acs_associado/contribuicoes.html: 0
[2024-01-20 00:02:17] EDIT sindicato/controllers/acs_associado.py: 6
[2024-01-20 00:04:50] EDIT sindicato/controllers/acs_associado.py: 29
[2024-01-20 00:05:25] EDIT sindicato/controllers/acs_associado.py: -2
[2024-01-20 00:07:08] EDIT sindicato/controllers/acs_associado.py: 1
[2024-01-20 06:52:28] EDIT sindicato/controllers/acs_associado.py: 0
[2024-01-20 06:53:46] EDIT sindicato/controllers/acs_associado.py: 0
[2024-01-20 06:53:58] EDIT sindicato/controllers/acs_associado.py: 0
[2024-01-20 06:54:17] EDIT sindicato/controllers/acs_associado.py: 0
[2024-01-20 06:54:28] EDIT sindicato/controllers/acs_associado.py: 0
[2024-01-20 06:54:36] EDIT sindicato/controllers/acs_associado.py: 0
[2024-01-20 06:54:57] EDIT sindicato/controllers/acs_associado.py: 0
[2024-01-20 06:58:07] EDIT sindicato/controllers/acs_associado.py: 1
[2024-01-20 07:03:35] EDIT sindicato/controllers/acs_associado.py: 9
[2024-01-20 07:03:57] EDIT sindicato/controllers/acs_associado.py: 0
[2024-01-20 07:03:59] EDIT sindicato/controllers/acs_associado.py: 0
[2024-01-20 07:08:24] EDIT sindicato/models/funcoes_dashboard.py: 15
[2024-01-20 07:10:09] EDIT sindicato/models/funcoes_dashboard.py: -2
[2024-01-20 07:10:15] EDIT sindicato/models/funcoes_dashboard.py: 0
[2024-01-20 07:11:58] EDIT sindicato/controllers/acs_associado.py: 1
[2024-01-20 07:12:58] EDIT sindicato/models/funcoes_dashboard.py: 2
[2024-01-20 07:16:06] EDIT sindicato/controllers/acs_associado.py: 9
[2024-01-20 07:16:36] EDIT sindicato/controllers/acs_associado.py: 0
[2024-01-20 07:16:54] EDIT sindicato/views/acs_associado/contribuicoes.html: 0
[2024-01-20 07:17:12] EDIT sindicato/views/acs_associado/contribuicoes.html: 0
[2024-01-20 07:17:26] EDIT sindicato/controllers/acs_associado.py: 0
[2024-01-20 07:17:28] EDIT sindicato/controllers/acs_associado.py: 0
[2024-01-20 07:17:54] EDIT sindicato/models/funcoes_dashboard.py: -1
[2024-01-20 07:18:39] EDIT sindicato/models/funcoes_dashboard.py: 0
[2024-01-20 07:19:33] EDIT sindicato/controllers/acs_associado.py: 1
[2024-01-20 07:20:06] EDIT sindicato/models/funcoes_dashboard.py: -1
[2024-01-20 07:21:07] EDIT sindicato/models/funcoes_dashboard.py: 0
[2024-01-20 07:22:42] EDIT sindicato/models/funcoes_dashboard.py: 10
[2024-01-20 07:24:36] EDIT sindicato/models/funcoes_dashboard.py: 0
[2024-01-20 07:25:36] EDIT sindicato/models/funcoes_dashboard.py: 2
[2024-01-20 07:26:51] EDIT sindicato/models/funcoes_dashboard.py: 0
[2024-01-20 07:28:12] EDIT sindicato/models/funcoes_dashboard.py: 0
[2024-01-20 07:28:59] EDIT sindicato/controllers/acs_associado.py: 0
[2024-01-20 07:31:38] EDIT sindicato/controllers/acs_associado.py: 2
[2024-01-20 07:33:28] EDIT sindicato/models/funcoes_dashboard.py: -11
[2024-01-23 15:16:44] EDIT sindicato/views/acs_empresa/index.html: 57
[2024-01-23 15:16:59] EDIT sindicato/views/acs_empresa/index.html: -57
[2024-01-23 15:18:26] EDIT sindicato/models/menu.py: 4
[2024-01-23 15:19:37] EDIT sindicato/models/menu.py: 0
[2024-01-23 15:23:40] EDIT sindicato/controllers/acs_registro.py: 60
[2024-01-23 15:23:57] EDIT sindicato/controllers/acs_registro.py: 1
[2024-01-23 15:24:52] EDIT sindicato/controllers/acs_registro.py: 0
[2024-01-23 15:28:11] EDIT sindicato/controllers/acs_registro.py: 18
[2024-01-23 15:28:51] EDIT sindicato/controllers/acs_registro.py: -3
[2024-01-23 15:29:28] EDIT sindicato/controllers/acs_registro.py: 0
[2024-01-23 15:29:40] CREATE acs_registro/atrasados.html: 0
[2024-01-23 15:30:45] EDIT sindicato/views/acs_registro/atrasados.html: 104
[2024-01-23 15:30:48] EDIT sindicato/views/acs_registro/atrasados.html: -1
[2024-01-23 15:36:54] EDIT sindicato/views/acs_registro/atrasados.html: 0
[2024-01-23 15:40:58] EDIT sindicato/views/acs_registro/atrasados.html: 0
[2024-01-23 15:41:13] EDIT sindicato/views/acs_registro/atrasados.html: 0
[2024-01-23 15:42:01] EDIT sindicato/controllers/acs_registro.py: -17
[2024-01-23 15:43:53] EDIT sindicato/controllers/acs_registro.py: 27
[2024-01-23 15:44:02] EDIT sindicato/views/acs_registro/atrasados.html: 0
[2024-01-23 15:47:18] EDIT sindicato/views/acs_registro/atrasados.html: 0
[2024-01-23 15:47:42] EDIT sindicato/controllers/acs_registro.py: 0
[2024-01-23 15:48:11] EDIT sindicato/views/acs_registro/atrasados.html: 0
[2024-01-23 15:48:32] EDIT sindicato/views/acs_registro/atrasados.html: 0
[2024-01-23 15:49:59] EDIT sindicato/models/menu.py: -1
[2024-01-23 15:50:44] EDIT sindicato/views/acs_registro/atrasados.html: -4
[2024-01-23 15:51:09] EDIT sindicato/models/menu.py: 0
[2024-01-23 15:52:13] EDIT sindicato/views/acs_delegacia/index.html: 0
[2024-01-23 15:52:22] EDIT sindicato/views/acs_delegacia/index.html: 0
[2024-01-23 15:52:48] EDIT sindicato/controllers/acs_delegacia.py: 4
[2024-01-23 15:52:59] EDIT sindicato/controllers/acs_delegacia.py: 1
[2024-01-23 15:53:17] CREATE acs_delegacia/acessar.html: 0
[2024-01-23 16:04:31] EDIT sindicato/controllers/acs_delegacia.py: 21
[2024-01-23 16:05:22] EDIT sindicato/controllers/acs_delegacia.py: 0
[2024-01-23 16:06:27] EDIT sindicato/controllers/acs_delegacia.py: 0
[2024-01-23 16:07:39] EDIT sindicato/views/acs_delegacia/acessar.html: 91
[2024-01-23 16:07:57] EDIT sindicato/views/acs_delegacia/acessar.html: 0
[2024-01-23 16:08:33] EDIT sindicato/views/acs_delegacia/acessar.html: 0
[2024-01-23 16:08:47] EDIT sindicato/views/acs_delegacia/acessar.html: 0
[2024-01-23 16:09:39] EDIT sindicato/views/acs_delegacia/acessar.html: 8
[2024-01-23 16:11:50] EDIT sindicato/views/acs_delegacia/acessar.html: 0
[2024-01-23 16:12:43] EDIT sindicato/views/acs_delegacia/acessar.html: 0
[2024-01-23 16:13:01] EDIT sindicato/views/acs_delegacia/acessar.html: 0
[2024-01-23 16:13:17] EDIT sindicato/controllers/acs_delegacia.py: 0
[2024-01-23 16:14:05] EDIT sindicato/controllers/acs_delegacia.py: 25
[2024-01-23 16:15:04] EDIT sindicato/controllers/acs_delegacia.py: 1
[2024-01-23 16:15:35] EDIT sindicato/models/db1.py: 1
[2024-01-23 16:15:46] EDIT sindicato/models/db1.py: 1
[2024-01-23 16:16:03] EDIT sindicato/controllers/acs_delegacia.py: -1
[2024-01-23 16:16:10] EDIT sindicato/models/db1.py: -1
[2024-01-23 16:16:11] EDIT sindicato/models/db1.py: -1
[2024-01-23 16:16:23] EDIT sindicato/controllers/acs_delegacia.py: 0
[2024-01-23 16:16:30] EDIT sindicato/controllers/acs_delegacia.py: 0
[2024-01-23 16:27:30] EDIT sindicato/controllers/acs_delegacia.py: 2
[2024-01-23 16:27:33] EDIT sindicato/controllers/acs_delegacia.py: 0
[2024-01-23 16:28:59] EDIT sindicato/views/acs_associado/index.html: 0
[2024-01-23 16:29:06] EDIT sindicato/views/acs_associado/index.html: 0
[2024-01-23 16:30:03] EDIT sindicato/controllers/acs_associado.py: 0
[2024-01-23 16:33:54] EDIT sindicato/views/acs_delegacia/acessar.html: 27
[2024-01-23 16:34:20] EDIT sindicato/views/acs_delegacia/acessar.html: 0
[2024-01-23 16:34:48] EDIT sindicato/views/acs_delegacia/acessar.html: 0
[2024-01-23 16:35:06] EDIT sindicato/views/acs_delegacia/acessar.html: -6
[2024-01-23 16:35:43] EDIT sindicato/views/acs_delegacia/acessar.html: 0
[2024-01-24 00:13:15] EDIT sindicato/controllers/acs_empresa.py: 12
[2024-01-24 00:13:41] EDIT sindicato/controllers/acs_empresa.py: 0
[2024-01-24 00:17:55] EDIT sindicato/models/funcoes_teste.py: 27
[2024-01-24 00:18:05] EDIT sindicato/controllers/acs_empresa.py: 1
[2024-01-24 00:22:49] EDIT sindicato/models/funcoes_teste.py: 4
[2024-01-24 00:22:55] EDIT sindicato/controllers/acs_empresa.py: 0
[2024-01-24 00:23:58] EDIT sindicato/controllers/acs_empresa.py: -1
[2024-01-24 00:25:27] EDIT sindicato/controllers/acs_associado.py: 0
[2024-01-24 00:26:17] EDIT sindicato/controllers/acs_associado.py: 4
[2024-01-24 00:27:47] EDIT sindicato/models/funcoes_dashboard.py: 5
[2024-01-24 00:28:05] EDIT sindicato/views/acs_associado/index.html: 0
[2024-01-24 00:28:15] EDIT sindicato/models/funcoes_dashboard.py: 0
[2024-01-24 00:28:54] EDIT sindicato/models/funcoes_dashboard.py: 0
[2024-01-24 00:29:52] EDIT sindicato/models/funcoes_dashboard.py: 0
[2024-01-24 00:30:01] EDIT sindicato/views/acs_associado/index.html: 0
[2024-01-24 00:30:36] EDIT sindicato/models/funcoes_dashboard.py: 0
[2024-01-24 00:39:42] EDIT sindicato/views/acs_associado/index.html: 0
[2024-01-28 14:41:31] CREATE paginacao_tipo.html: 0
[2024-01-28 14:41:41] EDIT sindicato/views/paginacao_tipo.html: 18
[2024-01-29 00:03:31] EDIT sindicato/models/funcoes_dashboard.py: 16
[2024-01-29 00:05:30] EDIT sindicato/controllers/acs_associado.py: 0
[2024-01-29 00:05:49] EDIT sindicato/controllers/acs_associado.py: 0
[2024-01-29 00:06:40] EDIT sindicato/views/acs_associado/contribuicoes.html: 0
[2024-01-29 00:08:50] EDIT sindicato/controllers/acs_associado.py: 25
[2024-01-29 00:10:47] EDIT sindicato/controllers/acs_associado.py: 25
[2024-01-29 00:10:56] EDIT sindicato/controllers/acs_associado.py: 0
[2024-01-29 00:11:39] EDIT sindicato/views/acs_associado/contribuicoes.html: 0
[2024-01-29 00:12:23] EDIT sindicato/views/acs_associado/contribuicoes.html: 7
[2024-01-29 00:12:30] EDIT sindicato/views/acs_associado/contribuicoes.html: 0
[2024-01-29 00:13:30] EDIT sindicato/views/acs_associado/contribuicoes.html: 7
[2024-01-29 00:14:08] EDIT sindicato/controllers/acs_associado.py: 0
[2024-01-29 00:18:32] EDIT sindicato/controllers/acs_associado.py: 0
[2024-01-29 00:21:03] EDIT sindicato/models/funcoes_teste.py: 2
[2024-01-29 00:21:31] EDIT sindicato/controllers/acs_associado.py: 1
[2024-01-29 00:21:41] EDIT sindicato/controllers/acs_associado.py: -1
[2024-01-29 00:21:48] EDIT sindicato/controllers/acs_associado.py: 1
[2024-01-29 00:22:00] EDIT sindicato/models/funcoes_teste.py: 0
[2024-01-29 00:22:08] EDIT sindicato/models/funcoes_teste.py: 0
[2024-01-29 00:27:56] EDIT sindicato/controllers/acs_associado.py: -1
[2024-01-29 00:30:19] EDIT sindicato/views/contas.html: 7
[2024-01-29 00:30:39] EDIT sindicato/views/contas.html: 0
[2024-01-29 00:30:55] EDIT sindicato/views/contas.html: 0
[2024-01-29 00:31:07] EDIT sindicato/views/contas.html: 0
[2024-01-29 00:32:11] EDIT sindicato/controllers/acs_associado.py: 0
[2024-01-29 00:32:35] EDIT sindicato/controllers/acs_associado.py: 0
[2024-01-29 00:33:12] EDIT sindicato/views/acs_associado/contribuicoes.html: 0
[2024-01-29 00:33:31] EDIT sindicato/controllers/acs_associado.py: 0
[2024-01-29 00:33:57] EDIT sindicato/controllers/acs_associado.py: 0
[2024-01-29 00:34:12] EDIT sindicato/controllers/acs_associado.py: 0
[2024-01-29 00:35:44] EDIT sindicato/controllers/acs_relatorio.py: 25
[2024-01-29 00:37:14] EDIT sindicato/controllers/acs_relatorio.py: 2
[2024-01-29 00:37:25] EDIT sindicato/controllers/acs_relatorio.py: 0
[2024-01-29 00:39:21] EDIT sindicato/views/contas.html: 0
[2024-01-29 00:40:38] EDIT sindicato/controllers/acs_relatorio.py: 0
[2024-01-29 00:40:44] EDIT sindicato/controllers/acs_relatorio.py: 0
[2024-01-29 00:41:25] EDIT sindicato/controllers/acs_relatorio.py: 0
[2024-01-29 00:41:29] EDIT sindicato/controllers/acs_relatorio.py: 0
[2024-01-29 01:22:05] EDIT sindicato/models/funcoes_teste.py: 0
[2024-01-29 01:22:30] EDIT sindicato/views/acs_empresa/index.html: 1
[2024-01-29 01:23:07] EDIT sindicato/views/acs_empresa/index.html: -1
[2024-01-29 02:12:55] EDIT sindicato/models/db1.py: 2
[2024-01-29 02:13:01] EDIT sindicato/models/db1.py: -1
[2024-01-29 02:13:46] EDIT sindicato/models/db1.py: 0
[2024-01-29 02:14:25] EDIT sindicato/models/db1.py: 0
[2024-01-29 02:19:29] EDIT sindicato/models/menu.py: 0
[2024-01-29 02:20:00] EDIT sindicato/models/menu.py: 1
[2024-01-29 02:23:33] EDIT sindicato/models/menu.py: 4
[2024-01-29 02:23:44] EDIT sindicato/models/menu.py: -1
[2024-01-29 02:28:13] EDIT sindicato/views/acs_empresa/index.html: 20
[2024-01-29 02:28:39] EDIT sindicato/views/acs_empresa/index.html: 2
[2024-01-29 02:29:14] EDIT sindicato/views/acs_empresa/index.html: 0
[2024-01-29 02:30:41] EDIT sindicato/views/layout.html: 8
[2024-01-29 02:31:01] EDIT sindicato/views/acs_empresa/index.html: 0
[2024-01-29 02:31:19] EDIT sindicato/views/acs_empresa/index.html: 0
[2024-01-29 02:34:54] EDIT sindicato/models/db.py: 1
[2024-01-29 02:35:20] EDIT sindicato/models/db.py: 1
[2024-01-29 02:35:59] EDIT sindicato/controllers/acs_usuario.py: 3
[2024-01-29 02:36:28] EDIT sindicato/views/acs_usuario/index.html: 0
[2024-01-29 02:38:22] EDIT sindicato/controllers/acs_usuario.py: 3
[2024-01-29 02:38:49] EDIT sindicato/controllers/acs_usuario.py: 0
[2024-01-29 02:39:09] EDIT sindicato/controllers/acs_usuario.py: 3
[2024-01-29 02:40:17] EDIT sindicato/controllers/acs_classificacao.py: 3
[2024-01-29 02:40:52] EDIT sindicato/views/acs_classificacao/index.html: 0
[2024-01-29 02:41:30] EDIT sindicato/views/acs_classificacao/index.html: 0
[2024-01-29 02:42:16] EDIT sindicato/controllers/acs_classificacao.py: 3
[2024-01-29 02:42:25] EDIT sindicato/views/acs_classificacao/index.html: 0
[2024-01-29 02:42:33] EDIT sindicato/views/acs_classificacao/index.html: 0
[2024-01-29 02:43:00] EDIT sindicato/controllers/acs_classificacao.py: 0
[2024-01-29 02:44:35] EDIT sindicato/models/db.py: 0
[2024-01-29 02:45:08] EDIT sindicato/models/db.py: 0
[2024-01-29 02:45:18] EDIT sindicato/models/db.py: 0
[2024-01-29 02:46:49] EDIT sindicato/models/db.py: 0
[2024-01-29 02:48:55] EDIT sindicato/controllers/acs_empresa.py: 19
[2024-01-29 02:50:03] EDIT sindicato/controllers/acs_empresa.py: 0
[2024-01-29 02:50:34] EDIT sindicato/models/db.py: 0
[2024-01-29 02:51:09] EDIT sindicato/models/db.py: 1
[2024-01-29 02:51:37] EDIT sindicato/controllers/acs_empresa.py: 3
[2024-01-29 02:51:55] EDIT sindicato/models/db.py: 0
[2024-01-29 02:52:57] EDIT sindicato/controllers/acs_empresa.py: 4
[2024-01-29 02:53:15] EDIT sindicato/controllers/acs_empresa.py: 0
[2024-01-29 02:53:49] EDIT sindicato/controllers/acs_empresa.py: 0
[2024-01-29 02:54:02] EDIT sindicato/controllers/acs_empresa.py: 1
[2024-01-29 06:33:33] CREATE acs_administracao.py: 0
[2024-01-29 06:35:09] EDIT sindicato/controllers/acs_administracao.py: 32
[2024-01-29 06:35:20] EDIT sindicato/controllers/acs_administracao.py: 0
[2024-01-29 06:35:36] CREATE acs_administracao/index.html: 0
[2024-01-29 06:36:13] EDIT sindicato/views/acs_administracao/index.html: 121
[2024-01-29 06:36:55] EDIT sindicato/views/acs_administracao/index.html: 0
[2024-01-29 06:37:25] EDIT sindicato/views/acs_administracao/index.html: 0
[2024-01-29 06:38:36] EDIT sindicato/views/acs_administracao/index.html: 3
[2024-01-29 06:39:23] EDIT sindicato/views/acs_administracao/index.html: 1
[2024-01-29 06:40:09] EDIT sindicato/views/acs_administracao/index.html: 1
[2024-01-29 06:40:26] EDIT sindicato/views/acs_administracao/index.html: 0
[2024-01-29 06:40:45] EDIT sindicato/views/acs_administracao/index.html: 0
[2024-01-29 06:41:03] EDIT sindicato/views/acs_administracao/index.html: 0
[2024-01-29 06:44:20] EDIT sindicato/controllers/acs_administracao.py: 44
[2024-01-29 06:44:45] EDIT sindicato/controllers/acs_administracao.py: 0
[2024-01-29 06:46:03] EDIT sindicato/views/acs_administracao/index.html: 0
[2024-01-29 06:47:00] EDIT sindicato/controllers/acs_administracao.py: 6
[2024-01-29 06:48:12] EDIT sindicato/views/layout.html: 1
[2024-01-29 06:58:35] EDIT sindicato/models/funcoes_dashboard.py: 9
[2024-01-29 06:59:01] EDIT sindicato/views/acs_administracao/index.html: 4
[2024-01-29 06:59:51] EDIT sindicato/controllers/acs_administracao.py: 6
[2024-01-29 07:01:35] EDIT sindicato/controllers/acs_usuario.py: 4
[2024-01-29 07:03:40] EDIT sindicato/models/funcoes_dashboard.py: 0
[2024-01-29 07:04:31] EDIT sindicato/controllers/acs_administracao.py: 0
[2024-01-29 07:04:43] EDIT sindicato/controllers/acs_administracao.py: 0
[2024-01-29 07:05:27] EDIT sindicato/views/acs_administracao/index.html: 0
[2024-01-29 07:06:48] EDIT sindicato/controllers/acs_administracao.py: 40
[2024-01-29 07:07:55] EDIT sindicato/models/db.py: 0
[2024-01-29 07:09:28] EDIT sindicato/controllers/acs_usuario.py: 3
[2024-01-29 07:10:39] EDIT sindicato/controllers/acs_usuario.py: 0
[2024-01-29 07:17:56] EDIT sindicato/controllers/acs_usuario.py: 0
[2024-01-29 07:18:26] EDIT sindicato/controllers/acs_usuario.py: 0
[2024-01-29 07:20:43] EDIT sindicato/views/acs_empresa/index.html: 2
[2024-01-29 07:20:52] EDIT sindicato/views/acs_empresa/index.html: 0
[2024-01-29 07:21:24] EDIT sindicato/views/acs_empresa/index.html: 0
[2024-01-29 07:27:27] EDIT sindicato/views/acs_empresa/index.html: 2
[2024-01-29 07:28:16] EDIT sindicato/views/acs_empresa/index.html: 0
[2024-01-29 07:29:01] EDIT sindicato/views/acs_empresa/index.html: 0
[2024-01-29 07:29:12] EDIT sindicato/views/acs_empresa/index.html: 0
[2024-01-29 07:29:56] EDIT sindicato/views/acs_empresa/index.html: 0
[2024-01-29 07:30:15] EDIT sindicato/views/acs_empresa/index.html: 0
[2024-01-29 07:30:49] EDIT sindicato/views/acs_empresa/index.html: 0
[2024-01-29 07:31:23] EDIT sindicato/views/acs_empresa/index.html: 0
[2024-01-29 07:31:34] EDIT sindicato/views/acs_empresa/index.html: 0
[2024-01-29 07:32:38] EDIT sindicato/views/acs_empresa/index.html: 0
[2024-01-29 07:33:34] EDIT sindicato/views/acs_empresa/index.html: 0
[2024-01-29 07:34:15] EDIT sindicato/views/acs_empresa/index.html: 0
[2024-01-29 07:36:09] EDIT sindicato/views/acs_empresa/index.html: 0
[2024-01-29 07:38:03] EDIT sindicato/models/menu.py: 1
[2024-01-29 07:39:33] EDIT sindicato/controllers/acs_relatorio.py: 6
[2024-01-29 07:40:19] EDIT sindicato/controllers/acs_relatorio.py: 3
[2024-01-29 07:40:34] EDIT sindicato/controllers/acs_relatorio.py: 0
[2024-01-29 07:40:45] CREATE acs_relatorio/balanco.html: 0
[2024-01-29 07:43:05] EDIT sindicato/views/acs_relatorio/balanco.html: 18
[2024-01-29 07:44:30] EDIT sindicato/views/acs_relatorio/balanco.html: 3
[2024-01-29 07:46:13] EDIT sindicato/views/acs_relatorio/balanco.html: 23
[2024-01-29 07:46:24] EDIT sindicato/views/acs_relatorio/balanco.html: 0
[2024-01-29 07:46:33] EDIT sindicato/views/acs_relatorio/balanco.html: 0
[2024-01-29 07:48:02] EDIT sindicato/models/funcoes_dashboard.py: 9
[2024-01-29 07:48:16] EDIT sindicato/views/acs_relatorio/balanco.html: 0
[2024-01-29 07:50:05] EDIT sindicato/views/acs_relatorio/balanco.html: 8
[2024-01-29 07:50:19] EDIT sindicato/views/acs_relatorio/balanco.html: 0
[2024-01-29 07:50:35] EDIT sindicato/views/acs_relatorio/balanco.html: 0
[2024-01-29 07:50:45] EDIT sindicato/views/acs_relatorio/balanco.html: 0
[2024-01-29 07:50:50] EDIT sindicato/views/acs_relatorio/balanco.html: 0
[2024-01-29 07:53:25] EDIT sindicato/models/funcoes_dashboard.py: 2
[2024-01-29 07:54:48] EDIT sindicato/models/funcoes_dashboard.py: 0
[2024-01-29 07:55:40] EDIT sindicato/views/acs_relatorio/balanco.html: -15
[2024-01-29 07:57:20] EDIT sindicato/views/acs_relatorio/balanco.html: 10
[2024-01-29 07:58:52] EDIT sindicato/views/acs_relatorio/balanco.html: 31
[2024-01-29 07:59:03] EDIT sindicato/views/acs_relatorio/balanco.html: 0
[2024-01-29 07:59:45] EDIT sindicato/controllers/acs_relatorio.py: 5
[2024-01-29 08:00:02] EDIT sindicato/views/acs_relatorio/balanco.html: 0
[2024-01-29 08:00:16] EDIT sindicato/views/acs_relatorio/balanco.html: 0
[2024-01-29 08:00:42] EDIT sindicato/views/acs_relatorio/balanco.html: 0
[2024-01-29 08:01:31] EDIT sindicato/views/acs_relatorio/balanco.html: 0
[2024-01-29 08:01:44] EDIT sindicato/views/acs_relatorio/balanco.html: 0
[2024-01-29 08:02:04] EDIT sindicato/views/acs_relatorio/balanco.html: 0
[2024-01-29 08:02:32] EDIT sindicato/views/acs_relatorio/balanco.html: 0
[2024-01-29 08:02:50] EDIT sindicato/views/acs_relatorio/balanco.html: 0
[2024-01-29 08:03:18] EDIT sindicato/views/acs_relatorio/balanco.html: 0
[2024-01-29 08:03:42] EDIT sindicato/views/acs_relatorio/balanco.html: 0
[2024-01-29 08:03:53] EDIT sindicato/views/acs_relatorio/balanco.html: 0
[2024-01-29 08:04:06] EDIT sindicato/views/acs_relatorio/balanco.html: 0
[2024-01-29 08:04:42] EDIT sindicato/views/acs_relatorio/balanco.html: 0
[2024-01-29 08:04:51] EDIT sindicato/views/acs_relatorio/balanco.html: 0
[2024-01-29 08:05:07] EDIT sindicato/views/acs_relatorio/balanco.html: 0
[2024-01-29 19:29:53] EDIT sindicato/models/menu.py: 0
[2024-01-29 19:30:42] CREATE acs_manual.py: 0
[2024-01-29 19:30:55] CREATE acs_manual/index.html: 0
[2024-01-29 19:31:47] EDIT sindicato/views/acs_manual/index.html: 330
[2024-01-29 21:10:12] EDIT sindicato/models/menu.py: 1
[2024-01-30 17:39:38] EDIT sindicato/controllers/acs_relatorio.py: 2
[2024-01-30 17:41:00] EDIT sindicato/controllers/acs_registro.py: 2
[2024-01-30 17:41:20] EDIT sindicato/controllers/acs_registro.py: 1
[2024-01-30 17:42:07] EDIT sindicato/controllers/acs_registro.py: 3
[2024-01-30 17:42:26] EDIT sindicato/controllers/acs_registro.py: 0
[2024-01-30 17:44:24] EDIT sindicato/controllers/acs_registro.py: 0
[2024-01-30 17:44:37] EDIT sindicato/controllers/acs_registro.py: 0
[2024-01-30 17:46:34] EDIT sindicato/models/db1.py: 0
[2024-01-30 17:48:28] EDIT sindicato/models/db1.py: 0
[2024-01-30 17:48:45] EDIT sindicato/models/db1.py: 0
[2024-01-30 17:49:10] EDIT sindicato/models/db1.py: 0
[2024-01-30 17:49:40] EDIT sindicato/models/db1.py: 0
[2024-01-30 17:52:26] EDIT sindicato/views/acs_classificacao/index.html: 0
[2024-01-30 17:52:30] EDIT sindicato/views/acs_classificacao/index.html: 0
[2024-01-30 17:59:04] EDIT sindicato/controllers/acs_classificacao.py: 21
[2024-01-30 18:00:10] EDIT sindicato/controllers/acs_classificacao.py: 0
[2024-01-30 18:00:43] EDIT sindicato/controllers/acs_classificacao.py: 0
[2024-01-30 18:01:07] EDIT sindicato/controllers/acs_classificacao.py: 1
[2024-01-30 18:01:36] CREATE acs_classificacao/acessar.html: 0
[2024-01-30 18:02:12] EDIT sindicato/views/acs_classificacao/acessar.html: 120
[2024-01-30 18:02:35] EDIT sindicato/views/acs_classificacao/acessar.html: 0
[2024-01-30 18:03:27] EDIT sindicato/views/acs_classificacao/acessar.html: 0
[2024-01-30 18:03:48] EDIT sindicato/views/acs_classificacao/acessar.html: 0
[2024-01-30 18:05:30] EDIT sindicato/controllers/acs_classificacao.py: 23
[2024-01-30 18:06:20] EDIT sindicato/controllers/acs_classificacao.py: 0
[2024-01-30 18:06:37] EDIT sindicato/views/acs_classificacao/acessar.html: 0
[2024-01-30 18:08:05] EDIT sindicato/controllers/acs_classificacao.py: -4
[2024-01-30 18:08:34] EDIT sindicato/controllers/acs_classificacao.py: -1
[2024-01-30 18:08:53] EDIT sindicato/controllers/acs_classificacao.py: 5
[2024-01-30 18:09:10] EDIT sindicato/controllers/acs_classificacao.py: 0
[2024-01-30 18:10:23] EDIT sindicato/views/acs_relatorio/balanco.html: 0
[2024-01-30 18:10:59] EDIT sindicato/views/acs_relatorio/balanco.html: 0
[2024-01-30 18:11:34] EDIT sindicato/views/acs_relatorio/balanco.html: 0
[2024-01-30 20:40:30] EDIT sindicato/views/acs_registro/index.html: 5
[2024-01-30 20:40:52] EDIT sindicato/views/acs_registro/index.html: 2
[2024-01-30 20:41:01] EDIT sindicato/views/acs_registro/index.html: 0
[2024-01-30 20:41:27] EDIT sindicato/views/acs_registro/index.html: 0
[2024-01-31 00:53:38] EDIT sindicato/views/acs_classificacao/acessar.html: 0
[2024-01-31 00:53:55] EDIT sindicato/views/acs_classificacao/acessar.html: 0
[2024-01-31 00:54:04] EDIT sindicato/views/acs_classificacao/acessar.html: 0
[2024-01-31 00:54:38] EDIT sindicato/controllers/acs_classificacao.py: 3
[2024-01-31 00:54:56] EDIT sindicato/controllers/acs_classificacao.py: 0
[2024-01-31 00:55:21] EDIT sindicato/controllers/acs_classificacao.py: 1
[2024-01-31 00:55:37] EDIT sindicato/views/acs_classificacao/acessar.html: 0
[2024-01-31 01:03:50] EDIT sindicato/models/funcoes_teste.py: 24
[2024-01-31 01:04:26] EDIT sindicato/controllers/acs_classificacao.py: -1
[2024-01-31 01:05:20] EDIT sindicato/models/funcoes_teste.py: -2
[2024-01-31 01:05:25] EDIT sindicato/models/funcoes_teste.py: 0
[2024-01-31 01:06:23] EDIT sindicato/models/funcoes_teste.py: 0
[2024-01-31 01:06:40] EDIT sindicato/models/funcoes_teste.py: 0
[2024-01-31 01:07:49] EDIT sindicato/models/funcoes_teste.py: 0
[2024-01-31 01:07:52] EDIT sindicato/models/funcoes_teste.py: 0
[2024-01-31 01:08:30] EDIT sindicato/controllers/acs_classificacao.py: 0
[2024-01-31 01:17:02] EDIT sindicato/models/menu.py: 1
[2024-01-31 01:17:54] EDIT sindicato/controllers/acs_registro.py: 57
[2024-01-31 01:18:04] CREATE acs_registro/sequencial.html: 0
[2024-01-31 01:18:29] EDIT sindicato/views/acs_registro/sequencial.html: 130
[2024-01-31 01:18:54] EDIT sindicato/controllers/acs_registro.py: 0
[2024-01-31 01:19:19] EDIT sindicato/controllers/acs_registro.py: 0
[2024-01-31 01:20:09] EDIT sindicato/views/acs_registro/sequencial.html: 0
[2024-01-31 01:20:13] EDIT sindicato/views/acs_registro/sequencial.html: 0
[2024-01-31 01:20:22] EDIT sindicato/views/acs_registro/sequencial.html: 0
[2024-01-31 01:35:13] EDIT sindicato/views/acs_relatorio/balanco.html: 0
[2024-01-31 01:38:51] EDIT sindicato/views/acs_classificacao/acessar.html: 3
[2024-01-31 01:39:04] EDIT sindicato/views/acs_classificacao/acessar.html: 0
[2024-01-31 01:39:31] EDIT sindicato/views/acs_classificacao/acessar.html: 0
[2024-01-31 01:42:01] EDIT sindicato/views/acs_relatorio/balanco.html: 0
[2024-01-31 01:42:36] EDIT sindicato/views/acs_classificacao/acessar.html: 0
[2024-01-31 01:42:53] EDIT sindicato/views/acs_classificacao/acessar.html: 0
[2024-01-31 01:43:12] EDIT sindicato/views/acs_classificacao/acessar.html: 0
[2024-01-31 01:43:23] EDIT sindicato/views/acs_classificacao/acessar.html: 0
[2024-01-31 01:43:55] EDIT sindicato/views/acs_classificacao/acessar.html: 0
[2024-01-31 01:44:09] EDIT sindicato/views/acs_classificacao/acessar.html: 0
[2024-01-31 01:44:37] EDIT sindicato/views/layout.html: 0
[2024-01-31 01:51:43] EDIT sindicato/views/acs_classificacao/index.html: 4
[2024-01-31 01:51:53] EDIT sindicato/views/acs_classificacao/index.html: 0
[2024-01-31 01:52:07] EDIT sindicato/views/acs_classificacao/index.html: 0
[2024-01-31 01:52:23] EDIT sindicato/views/acs_classificacao/index.html: 0
[2024-01-31 01:52:52] EDIT sindicato/controllers/acs_classificacao.py: 0
[2024-01-31 01:52:59] EDIT sindicato/controllers/acs_classificacao.py: 0
[2024-01-31 01:54:06] EDIT sindicato/views/acs_classificacao/index.html: 0
[2024-01-31 01:54:17] EDIT sindicato/views/acs_classificacao/index.html: 0
[2024-01-31 01:56:24] EDIT sindicato/views/acs_classificacao/index.html: 7
[2024-01-31 01:57:03] EDIT sindicato/views/acs_classificacao/index.html: 0
[2024-01-31 01:57:22] EDIT sindicato/views/acs_classificacao/index.html: 0
